in this
in this
in this
in this
[Log]鱼人领军: in this
[Log]鱼人领军: in this
[Log] 鱼人领军: in this
[Log] 鱼人领军: in this
[Error] OrderedJson.Core.RuntimeException: Log参数个数不匹配：需要1个 提供了0个
  at OrderedJson.Core.OJMethodImpl.Invoke (OrderedJson.Core.OJContext context, System.Object[] args) [0x000ba] in <b156638a87a74d42a8275e88f2b40805>:0 
  at OrderedJson.Code.Stmt.Invoke (OrderedJson.Core.OJContext context, System.Object[] args) [0x0008e] in <b156638a87a74d42a8275e88f2b40805>:0 
  at OrderedJson.Code.Block.Invoke (OrderedJson.Core.OJContext context, System.Object[] args) [0x0001b] in <b156638a87a74d42a8275e88f2b40805>:0 
  at OrderedJson.Core.OJMethods.Invoke (OrderedJson.Core.OJContext context, System.Object[] args) [0x00015] in <b156638a87a74d42a8275e88f2b40805>:0 
  at ModManger+<InitAllCards>d__5.MoveNext () [0x001f4] in C:\Github\iyingdiBattleGround\iyingdiBattleGround\Assets\Scripts\Game\ModManager.cs:102 
[Error] Log参数个数不匹配：需要1个 提供了0个
[Error] Log参数个数不匹配：需要1个 提供了0个
[Error] Log参数个数不匹配：需要1个 提供了0个
[Error] Log参数个数不匹配：需要1个 提供了0个
[Error] 函数Lo未定义!
游戏开始接受卡牌创建指令...
游戏开始接受卡牌创建指令...
游戏开始接受卡牌创建指令...
游戏开始接受卡牌创建指令...
游戏开始接受卡牌创建指令...
游戏开始接受卡牌创建指令...
游戏开始接受卡牌创建指令...
111
游戏开始接受卡牌创建指令...
111
游戏开始接受卡牌创建指令...
游戏开始接受卡牌创建指令...
游戏开始接受卡牌创建指令...
游戏开始接受卡牌创建指令...
游戏开始接受卡牌创建指令...
游戏开始接受卡牌创建指令...
游戏开始接受卡牌创建指令...
游戏开始接受卡牌创建指令...
游戏开始接受卡牌创建指令...
游戏开始接受卡牌创建指令...
游戏开始接受卡牌创建指令...
游戏开始接受卡牌创建指令...
游戏开始接受卡牌创建指令...
游戏开始接受卡牌创建指令...
游戏开始接受卡牌创建指令...
游戏开始接受卡牌创建指令...
游戏开始接受卡牌创建指令...
游戏开始接受卡牌创建指令...
游戏开始接受卡牌创建指令...
游戏开始接受卡牌创建指令...
游戏开始接受卡牌创建指令...
游戏开始接受卡牌创建指令...
游戏开始接受卡牌创建指令...
游戏开始接受卡牌创建指令...
游戏开始接受卡牌创建指令...
游戏开始接受卡牌创建指令...
游戏开始接受卡牌创建指令...
游戏开始接受卡牌创建指令...
[Error] 鱼人招潮者 第1行 第79列 未能将Int匹配到RBrace
游戏开始接受卡牌创建指令...
游戏开始接受卡牌创建指令...
游戏开始接受卡牌创建指令...
游戏开始接受卡牌创建指令...
游戏开始接受卡牌创建指令...
游戏开始接受卡牌创建指令...
游戏开始接受卡牌创建指令...
[Error] Ifnotself 第1行 第8列 不能匹配到语句块
[Error] 函数gold未定义!
[Error] 函数IfNotSelf未定义!
游戏开始接受卡牌创建指令...
[Error] Ifnotself 第1行 第8列 不能匹配到语句块
[Error] 函数gold未定义!
[Error] 函数IfNotSelf未定义!
游戏开始接受卡牌创建指令...
[Error] Ifnotself 第1行 第8列 不能匹配到语句块
[Error] 函数gold未定义!
[Error] 函数IfNotSelf未定义!
游戏开始接受卡牌创建指令...
[Error] Ifnotself 第1行 第8列 不能匹配到语句块
[Error] 函数gold未定义!
[Error] 函数IfNotSelf未定义!
游戏开始接受卡牌创建指令...
[Error] Ifnotself 第1行 第8列 不能匹配到语句块
[Error] 函数gold未定义!
[Error] 函数IfNotSelf未定义!
游戏开始接受卡牌创建指令...
[Error] Ifnotself 第1行 第8列 不能匹配到语句块
[Error] 函数gold未定义!
[Error] 函数IfNotSelf未定义!
游戏开始接受卡牌创建指令...
[Error] Ifnotself 第1行 第8列 不能匹配到语句块
[Error] 函数gold未定义!
[Error] 函数IfNotSelf未定义!
游戏开始接受卡牌创建指令...
游戏开始接受卡牌创建指令...
[Error] 函数Add未定义!
游戏开始接受卡牌创建指令...
游戏开始接受卡牌创建指令...
游戏开始接受卡牌创建指令...
[Error] 函数AllAllyMinions未定义!
游戏开始接受卡牌创建指令...
[Error] 函数AddBodyBuffArua未定义!
游戏开始接受卡牌创建指令...
[Error] 函数Arua未定义!
游戏开始接受卡牌创建指令...
游戏开始接受卡牌创建指令...
游戏开始接受卡牌创建指令...
游戏开始接受卡牌创建指令...
游戏开始接受卡牌创建指令...
游戏开始接受卡牌创建指令...
游戏开始接受卡牌创建指令...
[Error] 函数equals未定义!
[Error] 函数IfOwnAndNotSelf未定义!
[Error] 函数IfNotSelf未定义!
游戏开始接受卡牌创建指令...
游戏开始接受卡牌创建指令...
游戏开始接受卡牌创建指令...
游戏开始接受卡牌创建指令...
游戏开始接受卡牌创建指令...
游戏开始接受卡牌创建指令...
游戏开始接受卡牌创建指令...
游戏开始接受卡牌创建指令...
游戏开始接受卡牌创建指令...
游戏开始接受卡牌创建指令...
